<?xml version="1.0" encoding="UTF-8"?>
<!-- Generated by org.testng.reporters.JUnitXMLReporter -->
<testsuite ignored="1" hostname="LAPTOP-U2PJG3KU" failures="0" tests="4" name="OrangeHRMMyinfo" time="19.427" errors="0" timestamp="2021-10-29T19:34:09 IST">
  <testcase classname="com.Hari.Test.OrangeHRM" name="LaunchApp" time="8.853"/>
  <testcase classname="com.Hari.Test.OrangeHRM" name="EnterLoginDetails" time="5.591"/>
  <testcase classname="com.Hari.Test.OrangeHRM" name="NavigatingToMyinfo" time="2.019"/>
  <testcase classname="com.Hari.Test.OrangeHRM" name="VerfyMyInfo" time="0.093"/>
  <testcase classname="com.Hari.Test.OrangeHRM" name="VerifyLogin" time="0.0">
    <ignored/>
  </testcase> <!-- VerifyLogin -->
</testsuite> <!-- OrangeHRMMyinfo -->
