<?xml version="1.0" encoding="UTF-8"?>
<!-- Generated by org.testng.reporters.JUnitXMLReporter -->
<testsuite ignored="2" hostname="LAPTOP-U2PJG3KU" failures="0" tests="3" name="OrangeHRMLogin" time="27.513" errors="0" timestamp="2021-10-29T19:33:49 IST">
  <testcase classname="com.Hari.Test.OrangeHRM" name="LaunchApp" time="8.964"/>
  <testcase classname="com.Hari.Test.OrangeHRM" name="EnterLoginDetails" time="4.846"/>
  <testcase classname="com.Hari.Test.OrangeHRM" name="VerifyLogin" time="0.231"/>
  <testcase classname="com.Hari.Test.OrangeHRM" name="NavigatingToMyinfo" time="0.0">
    <ignored/>
  </testcase> <!-- NavigatingToMyinfo -->
  <testcase classname="com.Hari.Test.OrangeHRM" name="VerfyMyInfo" time="0.0">
    <ignored/>
  </testcase> <!-- VerfyMyInfo -->
</testsuite> <!-- OrangeHRMLogin -->
