<?xml version="1.0" encoding="UTF-8"?>
<testng-results ignored="0" total="1" passed="1" failed="0" skipped="0">
  <reporter-output>
  </reporter-output>
  <suite started-at="2021-10-29T20:35:01 IST" name="Default suite" finished-at="2021-10-29T20:35:11 IST" duration-ms="10626">
    <groups>
    </groups>
    <test started-at="2021-10-29T20:35:01 IST" name="Default test" finished-at="2021-10-29T20:35:11 IST" duration-ms="10626">
      <class name="com.Hari.Test.Assertions1">
        <test-method signature="TestFacebook()[pri:0, instance:com.Hari.Test.Assertions1@2f7c2f4f]" started-at="2021-10-29T20:35:01 IST" name="TestFacebook" finished-at="2021-10-29T20:35:11 IST" duration-ms="10515" status="PASS">
          <reporter-output>
          </reporter-output>
        </test-method> <!-- TestFacebook -->
      </class> <!-- com.Hari.Test.Assertions1 -->
    </test> <!-- Default test -->
  </suite> <!-- Default suite -->
</testng-results>
