<?xml version="1.0" encoding="UTF-8"?>
<testng-results skipped="0" failed="0" ignored="0" total="1" passed="1">
  <reporter-output>
  </reporter-output>
  <suite name="Default suite" duration-ms="33864" started-at="2021-11-07T15:28:27 IST" finished-at="2021-11-07T15:29:01 IST">
    <groups>
    </groups>
    <test name="Default test" duration-ms="33864" started-at="2021-11-07T15:28:27 IST" finished-at="2021-11-07T15:29:01 IST">
      <class name="Hari.com.Login">
        <test-method status="PASS" signature="Google()[pri:0, instance:Hari.com.Login@33c7e1bb]" name="Google" duration-ms="33633" started-at="2021-11-07T15:28:27 IST" finished-at="2021-11-07T15:29:01 IST">
          <reporter-output>
          </reporter-output>
        </test-method> <!-- Google -->
      </class> <!-- Hari.com.Login -->
    </test> <!-- Default test -->
  </suite> <!-- Default suite -->
</testng-results>
